<?xml version="1.0" encoding="UTF-8"?>
<testsuite xmlns:xsi="http://www.w3.org/2001/XMLSchema-instance" xsi:noNamespaceSchemaLocation="https://maven.apache.org/surefire/maven-surefire-plugin/xsd/surefire-test-report-3.0.xsd" version="3.0" name="org.acme.camelIntegracionFueradeLineaaparrab.MyApplicationTest" time="1.703" tests="1" errors="0" skipped="0" failures="0">
  <properties>
[...]
</properties>
  <testcase name="should_complete_the_auto_detected_route" classname="org.acme.camelIntegracionFueradeLineaaparrab.MyApplicationTest" time="1.415">
    <system-out><![CDATA[[                          main] CamelTestSupport               INFO  ********************************************************************************
[                          main] CamelTestSupport               INFO  Testing: should_complete_the_auto_detected_route() (org.acme.camelIntegracionFueradeLineaaparrab.MyApplicationTest)
[                          main] CamelTestSupport               INFO  ********************************************************************************
[                          main] BaseMainSupport                INFO  Classpath scanning enabled from base package: org.acme.camelIntegracionFueradeLineaaparrab
[                          main] BaseMainSupport                INFO  Auto-configuration summary
[                          main] BaseMainSupport                INFO      [application.properties]       camel.main.name=MyTimerCamel
[                          main] AbstractCamelContext           INFO  Apache Camel 3.18.3 (MyTimerCamel) is starting
[                          main] BaseMainSupport                INFO  Property-placeholders summary
[                          main] BaseMainSupport                INFO      [application.properties]       hi=Hello
[                          main] BaseMainSupport                INFO      [application.properties]       bye=Goodbye
[                          main] BaseMainSupport                INFO      [application.properties]       myPeriod=3000
[                          main] AbstractCamelContext           INFO  Routes startup (started:1)
[                          main] AbstractCamelContext           INFO      Started route1 (timer://foo)
[                          main] AbstractCamelContext           INFO  Apache Camel 3.18.3 (MyTimerCamel) started in 159ms (build:39ms init:104ms start:16ms)
[Camel) thread #1 - timer://foo] route1                         INFO  Hello how are you?
[Camel) thread #1 - timer://foo] route1                         INFO  Goodbye World
[                          main] CamelTestSupport               INFO  ********************************************************************************
[                          main] CamelTestSupport               INFO  Testing done: should_complete_the_auto_detected_route() (org.acme.camelIntegracionFueradeLineaaparrab.MyApplicationTest)
[                          main] CamelTestSupport               INFO  Took: 1s6ms (1006 millis)
[                          main] CamelTestSupport               INFO  ********************************************************************************
[                          main] AbstractCamelContext           INFO  Apache Camel 3.18.3 (MyTimerCamel) is shutting down (timeout:10s)
[                          main] AbstractCamelContext           INFO  Routes stopped (stopped:1)
[                          main] AbstractCamelContext           INFO      Stopped route1 (timer://foo)
[                          main] AbstractCamelContext           INFO  Apache Camel 3.18.3 (MyTimerCamel) shutdown in 16ms (uptime:1s)
]]></system-out>
  </testcase>
</testsuite>